ffmpeg version 4.3.2-2021-02-27-essentials_build-www.gyan.dev Copyright (c) 2000-2021 the FFmpeg developers
  built with gcc 10.2.0 (Rev6, Built by MSYS2 project)
  configuration: --enable-gpl --enable-version3 --enable-static --disable-w32threads --disable-autodetect --enable-fontconfig --enable-iconv --enable-gnutls --enable-libxml2 --enable-gmp --enable-lzma --enable-zlib --enable-libsrt --enable-libssh --enable-libzmq --enable-avisynth --enable-sdl2 --enable-libwebp --enable-libx264 --enable-libx265 --enable-libxvid --enable-libaom --enable-libopenjpeg --enable-libvpx --enable-libass --enable-libfreetype --enable-libfribidi --enable-libvidstab --enable-libvmaf --enable-libzimg --enable-amf --enable-cuda-llvm --enable-cuvid --enable-ffnvcodec --enable-nvdec --enable-nvenc --enable-d3d11va --enable-dxva2 --enable-libmfx --enable-libgme --enable-libopenmpt --enable-libopencore-amrwb --enable-libmp3lame --enable-libtheora --enable-libvo-amrwbenc --enable-libgsm --enable-libopencore-amrnb --enable-libopus --enable-libspeex --enable-libvorbis --enable-librubberband
  libavutil      56. 51.100 / 56. 51.100
  libavcodec     58. 91.100 / 58. 91.100
  libavformat    58. 45.100 / 58. 45.100
  libavdevice    58. 10.100 / 58. 10.100
  libavfilter     7. 85.100 /  7. 85.100
  libswscale      5.  7.100 /  5.  7.100
  libswresample   3.  7.100 /  3.  7.100
  libpostproc    55.  7.100 / 55.  7.100
Splitting the commandline.
Reading option '-v' ... matched as option 'v' (set logging level) with argument 'debug'.
Reading option '-nostdin' ... matched as option 'stdin' (enable or disable interaction on standard input) with argument 0.
Reading option '-progress' ... matched as option 'progress' (write program-readable progress information) with argument 'C:/Users/darcx/AppData/Local/Temp/KritaFFmpegProgress.dcoTiA'.
Reading option '-r' ... matched as option 'r' (set frame rate (Hz value, fraction or abbreviation)) with argument '7'.
Reading option '-start_number' ... matched as AVOption 'start_number' with argument '0'.
Reading option '-i' ... matched as input url with argument 'C:/Users/darcx/Desktop/jam site/portfolio/asset/picture/logo/frame%04d.png'.
Reading option '-vf' ... matched as option 'vf' (set video filters) with argument 'palettegen'.
Reading option '-y' ... matched as option 'y' (overwrite output files) with argument '1'.
Reading option 'C:/Users/darcx/Desktop/jam site/portfolio/asset/picture/logo/palette.png' ... matched as output url.
Finished splitting the commandline.
Parsing a group of options: global .
Applying option v (set logging level) with argument debug.
Applying option nostdin (enable or disable interaction on standard input) with argument 0.
Applying option progress (write program-readable progress information) with argument C:/Users/darcx/AppData/Local/Temp/KritaFFmpegProgress.dcoTiA.
[file @ 000001e01800e380] Setting default whitelist 'file,crypto,data'
Applying option y (overwrite output files) with argument 1.
Successfully parsed a group of options.
Parsing a group of options: input url C:/Users/darcx/Desktop/jam site/portfolio/asset/picture/logo/frame%04d.png.
Applying option r (set frame rate (Hz value, fraction or abbreviation)) with argument 7.
Successfully parsed a group of options.
Opening an input file: C:/Users/darcx/Desktop/jam site/portfolio/asset/picture/logo/frame%04d.png.
[image2 @ 000001e01804e6c0] Opening 'C:/Users/darcx/Desktop/jam site/portfolio/asset/picture/logo/frame0000.png' for reading
[file @ 000001e018051d00] Setting default whitelist 'file,crypto,data'
[AVIOContext @ 000001e018059ec0] Statistics: 6421 bytes read, 0 seeks
[image2 @ 000001e01804e6c0] Opening 'C:/Users/darcx/Desktop/jam site/portfolio/asset/picture/logo/frame0001.png' for reading
[file @ 000001e018051dc0] Setting default whitelist 'file,crypto,data'
[AVIOContext @ 000001e018051f40] Statistics: 6421 bytes read, 0 seeks
[image2 @ 000001e01804e6c0] Opening 'C:/Users/darcx/Desktop/jam site/portfolio/asset/picture/logo/frame0002.png' for reading
[file @ 000001e018053bc0] Setting default whitelist 'file,crypto,data'
[AVIOContext @ 000001e018051e40] Statistics: 6421 bytes read, 0 seeks
[image2 @ 000001e01804e6c0] Opening 'C:/Users/darcx/Desktop/jam site/portfolio/asset/picture/logo/frame0003.png' for reading
[file @ 000001e018051dc0] Setting default whitelist 'file,crypto,data'
[AVIOContext @ 000001e018059cc0] Statistics: 6421 bytes read, 0 seeks
[image2 @ 000001e01804e6c0] Opening 'C:/Users/darcx/Desktop/jam site/portfolio/asset/picture/logo/frame0004.png' for reading
[file @ 000001e018059cc0] Setting default whitelist 'file,crypto,data'
[AVIOContext @ 000001e018051dc0] Statistics: 6421 bytes read, 0 seeks
[image2 @ 000001e01804e6c0] Opening 'C:/Users/darcx/Desktop/jam site/portfolio/asset/picture/logo/frame0005.png' for reading
[file @ 000001e018051dc0] Setting default whitelist 'file,crypto,data'
[AVIOContext @ 000001e01807d380] Statistics: 6421 bytes read, 0 seeks
[image2 @ 000001e01804e6c0] Opening 'C:/Users/darcx/Desktop/jam site/portfolio/asset/picture/logo/frame0006.png' for reading
[file @ 000001e01807d380] Setting default whitelist 'file,crypto,data'
[AVIOContext @ 000001e01807f700] Statistics: 5995 bytes read, 0 seeks
[image2 @ 000001e01804e6c0] Opening 'C:/Users/darcx/Desktop/jam site/portfolio/asset/picture/logo/frame0007.png' for reading
[file @ 000001e01807f700] Setting default whitelist 'file,crypto,data'
[AVIOContext @ 000001e018081040] Statistics: 6421 bytes read, 0 seeks
[image2 @ 000001e01804e6c0] Opening 'C:/Users/darcx/Desktop/jam site/portfolio/asset/picture/logo/frame0008.png' for reading
[file @ 000001e018081040] Setting default whitelist 'file,crypto,data'
[AVIOContext @ 000001e018083b40] Statistics: 6421 bytes read, 0 seeks
[image2 @ 000001e01804e6c0] Opening 'C:/Users/darcx/Desktop/jam site/portfolio/asset/picture/logo/frame0009.png' for reading
[file @ 000001e018083b40] Setting default whitelist 'file,crypto,data'
[AVIOContext @ 000001e018085640] Statistics: 6421 bytes read, 0 seeks
[image2 @ 000001e01804e6c0] Opening 'C:/Users/darcx/Desktop/jam site/portfolio/asset/picture/logo/frame0010.png' for reading
[file @ 000001e018085640] Setting default whitelist 'file,crypto,data'
[AVIOContext @ 000001e018087140] Statistics: 6421 bytes read, 0 seeks
[image2 @ 000001e01804e6c0] Opening 'C:/Users/darcx/Desktop/jam site/portfolio/asset/picture/logo/frame0011.png' for reading
[file @ 000001e018087140] Setting default whitelist 'file,crypto,data'
[AVIOContext @ 000001e018088c40] Statistics: 6421 bytes read, 0 seeks
[image2 @ 000001e01804e6c0] Opening 'C:/Users/darcx/Desktop/jam site/portfolio/asset/picture/logo/frame0012.png' for reading
[file @ 000001e018087140] Setting default whitelist 'file,crypto,data'
[AVIOContext @ 000001e018088c40] Statistics: 6421 bytes read, 0 seeks
[image2 @ 000001e01804e6c0] Opening 'C:/Users/darcx/Desktop/jam site/portfolio/asset/picture/logo/frame0013.png' for reading
[file @ 000001e018087140] Setting default whitelist 'file,crypto,data'
[AVIOContext @ 000001e018088c40] Statistics: 6421 bytes read, 0 seeks
[image2 @ 000001e01804e6c0] Opening 'C:/Users/darcx/Desktop/jam site/portfolio/asset/picture/logo/frame0014.png' for reading
[file @ 000001e018087140] Setting default whitelist 'file,crypto,data'
[AVIOContext @ 000001e018088c40] Statistics: 6421 bytes read, 0 seeks
[image2 @ 000001e01804e6c0] Opening 'C:/Users/darcx/Desktop/jam site/portfolio/asset/picture/logo/frame0015.png' for reading
[file @ 000001e018087140] Setting default whitelist 'file,crypto,data'
[AVIOContext @ 000001e018088c40] Statistics: 6421 bytes read, 0 seeks
[image2 @ 000001e01804e6c0] Opening 'C:/Users/darcx/Desktop/jam site/portfolio/asset/picture/logo/frame0016.png' for reading
[file @ 000001e018087140] Setting default whitelist 'file,crypto,data'
[AVIOContext @ 000001e018088c40] Statistics: 6421 bytes read, 0 seeks
[image2 @ 000001e01804e6c0] Opening 'C:/Users/darcx/Desktop/jam site/portfolio/asset/picture/logo/frame0017.png' for reading
[file @ 000001e018087140] Setting default whitelist 'file,crypto,data'
[AVIOContext @ 000001e018088c40] Statistics: 6421 bytes read, 0 seeks
[image2 @ 000001e01804e6c0] Opening 'C:/Users/darcx/Desktop/jam site/portfolio/asset/picture/logo/frame0018.png' for reading
[file @ 000001e018087140] Setting default whitelist 'file,crypto,data'
[AVIOContext @ 000001e018088c40] Statistics: 6421 bytes read, 0 seeks
[image2 @ 000001e01804e6c0] Opening 'C:/Users/darcx/Desktop/jam site/portfolio/asset/picture/logo/frame0019.png' for reading
[file @ 000001e018087140] Setting default whitelist 'file,crypto,data'
[AVIOContext @ 000001e018088c40] Statistics: 5995 bytes read, 0 seeks
[image2 @ 000001e01804e6c0] Opening 'C:/Users/darcx/Desktop/jam site/portfolio/asset/picture/logo/frame0020.png' for reading
[file @ 000001e018087140] Setting default whitelist 'file,crypto,data'
[AVIOContext @ 000001e018088c40] Statistics: 6421 bytes read, 0 seeks
[image2 @ 000001e01804e6c0] Opening 'C:/Users/darcx/Desktop/jam site/portfolio/asset/picture/logo/frame0021.png' for reading
[file @ 000001e018087140] Setting default whitelist 'file,crypto,data'
[AVIOContext @ 000001e018088c40] Statistics: 6421 bytes read, 0 seeks
[image2 @ 000001e01804e6c0] Opening 'C:/Users/darcx/Desktop/jam site/portfolio/asset/picture/logo/frame0022.png' for reading
[file @ 000001e018087140] Setting default whitelist 'file,crypto,data'
[AVIOContext @ 000001e018088c40] Statistics: 5995 bytes read, 0 seeks
[image2 @ 000001e01804e6c0] Opening 'C:/Users/darcx/Desktop/jam site/portfolio/asset/picture/logo/frame0023.png' for reading
[file @ 000001e018087140] Setting default whitelist 'file,crypto,data'
[AVIOContext @ 000001e018088c40] Statistics: 5995 bytes read, 0 seeks
[image2 @ 000001e01804e6c0] Opening 'C:/Users/darcx/Desktop/jam site/portfolio/asset/picture/logo/frame0024.png' for reading
[file @ 000001e018087140] Setting default whitelist 'file,crypto,data'
[AVIOContext @ 000001e018088c40] Statistics: 6421 bytes read, 0 seeks
[image2 @ 000001e01804e6c0] Opening 'C:/Users/darcx/Desktop/jam site/portfolio/asset/picture/logo/frame0025.png' for reading
[file @ 000001e018087140] Setting default whitelist 'file,crypto,data'
[AVIOContext @ 000001e018088c40] Statistics: 6421 bytes read, 0 seeks
[image2 @ 000001e01804e6c0] Opening 'C:/Users/darcx/Desktop/jam site/portfolio/asset/picture/logo/frame0026.png' for reading
[file @ 000001e018087140] Setting default whitelist 'file,crypto,data'
[AVIOContext @ 000001e018088c40] Statistics: 6421 bytes read, 0 seeks
[image2 @ 000001e01804e6c0] Opening 'C:/Users/darcx/Desktop/jam site/portfolio/asset/picture/logo/frame0027.png' for reading
[file @ 000001e018087140] Setting default whitelist 'file,crypto,data'
[AVIOContext @ 000001e018088c40] Statistics: 6421 bytes read, 0 seeks
[image2 @ 000001e01804e6c0] Opening 'C:/Users/darcx/Desktop/jam site/portfolio/asset/picture/logo/frame0028.png' for reading
[file @ 000001e018087140] Setting default whitelist 'file,crypto,data'
[AVIOContext @ 000001e018088c40] Statistics: 6421 bytes read, 0 seeks
[image2 @ 000001e01804e6c0] Opening 'C:/Users/darcx/Desktop/jam site/portfolio/asset/picture/logo/frame0029.png' for reading
[file @ 000001e018087140] Setting default whitelist 'file,crypto,data'
[AVIOContext @ 000001e018088c40] Statistics: 6421 bytes read, 0 seeks
[image2 @ 000001e01804e6c0] Opening 'C:/Users/darcx/Desktop/jam site/portfolio/asset/picture/logo/frame0030.png' for reading
[file @ 000001e018087140] Setting default whitelist 'file,crypto,data'
[AVIOContext @ 000001e018088c40] Statistics: 6421 bytes read, 0 seeks
Input #0, image2, from 'C:/Users/darcx/Desktop/jam site/portfolio/asset/picture/logo/frame%04d.png':
  Duration: 00:00:01.24, start: 0.000000, bitrate: N/A
    Stream #0:0, 31, 1/25: Video: png, 1 reference frame, rgba(pc), 253x89 [SAR 11811:11811 DAR 253:89], 0/1, 25 fps, 25 tbr, 25 tbn, 25 tbc
Successfully opened the file.
Parsing a group of options: output url C:/Users/darcx/Desktop/jam site/portfolio/asset/picture/logo/palette.png.
Applying option vf (set video filters) with argument palettegen.
Successfully parsed a group of options.
Opening an output file: C:/Users/darcx/Desktop/jam site/portfolio/asset/picture/logo/palette.png.
Successfully opened the file.
detected 4 logical cores
Stream mapping:
  Stream #0:0 -> #0:0 (png (native) -> png (native))
cur_dts is invalid st:0 (0) [init:0 i_done:0 finish:0] (this is harmless if it occurs once at the start per stream)
    Last message repeated 4 times
[graph 0 input from stream 0:0 @ 000001e018053ac0] Setting 'video_size' to value '253x89'
[graph 0 input from stream 0:0 @ 000001e018053ac0] Setting 'pix_fmt' to value '26'
[graph 0 input from stream 0:0 @ 000001e018053ac0] Setting 'time_base' to value '1/7'
[graph 0 input from stream 0:0 @ 000001e018053ac0] Setting 'pixel_aspect' to value '11811/11811'
[graph 0 input from stream 0:0 @ 000001e018053ac0] Setting 'frame_rate' to value '7/1'
[graph 0 input from stream 0:0 @ 000001e018053ac0] w:253 h:89 pixfmt:rgba tb:1/7 fr:7/1 sar:11811/11811
[format @ 000001e01806c700] Setting 'pix_fmts' to value 'rgb24|rgba|rgb48be|rgba64be|pal8|gray|ya8|gray16be|ya16be|monob'
[auto_scaler_0 @ 000001e0180702c0] Setting 'flags' to value 'bicubic'
[auto_scaler_0 @ 000001e0180702c0] w:iw h:ih flags:'bicubic' interl:0
[Parsed_palettegen_0 @ 000001e0180a9dc0] auto-inserting filter 'auto_scaler_0' between the filter 'graph 0 input from stream 0:0' and the filter 'Parsed_palettegen_0'
[auto_scaler_1 @ 000001e01810a780] Setting 'flags' to value 'bicubic'
[auto_scaler_1 @ 000001e01810a780] w:iw h:ih flags:'bicubic' interl:0
[format @ 000001e01806c700] auto-inserting filter 'auto_scaler_1' between the filter 'Parsed_palettegen_0' and the filter 'format'
[AVFilterGraph @ 000001e0180569c0] query_formats: 4 queried, 1 merged, 2 already done, 0 delayed
[auto_scaler_1 @ 000001e01810a780] picking rgba out of 10 ref:bgra alpha:1
[swscaler @ 000001e0181da000] Forcing full internal H chroma due to odd output size
[swscaler @ 000001e0181da000] Forcing full internal H chroma due to input having non subsampled chroma
[auto_scaler_0 @ 000001e0180702c0] w:253 h:89 fmt:rgba sar:11811/11811 -> w:253 h:89 fmt:bgra sar:1/1 flags:0x4
[swscaler @ 000001e0181e6f40] Forcing full internal H chroma due to input having non subsampled chroma
[auto_scaler_1 @ 000001e01810a780] w:16 h:16 fmt:bgra sar:1/1 -> w:16 h:16 fmt:rgba sar:1/1 flags:0x4
Output #0, image2, to 'C:/Users/darcx/Desktop/jam site/portfolio/asset/picture/logo/palette.png':
  Metadata:
    encoder         : Lavf58.45.100
    Stream #0:0, 0, 1/7: Video: png, 1 reference frame, rgba, 16x16 [SAR 1:1 DAR 1:1], 0/1, q=2-31, 200 kb/s, 7 fps, 7 tbn, 7 tbc
    Metadata:
      encoder         : Lavc58.91.100 png
cur_dts is invalid st:0 (0) [init:1 i_done:0 finish:0] (this is harmless if it occurs once at the start per stream)
    Last message repeated 30 times
[Parsed_palettegen_0 @ 000001e0180a9dc0] 255(+1) colors generated out of 1224 colors; ratio=0.208333
[Parsed_palettegen_0 @ 000001e0180a9dc0] Dupped color: FF52A3D8
    Last message repeated 2 times
[Parsed_palettegen_0 @ 000001e0180a9dc0] Dupped color: FF52A4D8
    Last message repeated 1 times
[Parsed_palettegen_0 @ 000001e0180a9dc0] Dupped color: FF53A5D8
[Parsed_palettegen_0 @ 000001e0180a9dc0] Dupped color: FF53A5D9
[Parsed_palettegen_0 @ 000001e0180a9dc0] Dupped color: FF53A6D9
    Last message repeated 1 times
[Parsed_palettegen_0 @ 000001e0180a9dc0] Dupped color: FF54A6D9
[Parsed_palettegen_0 @ 000001e0180a9dc0] Dupped color: FF54A7D9
    Last message repeated 1 times
[Parsed_palettegen_0 @ 000001e0180a9dc0] Dupped color: FF55A8D9
[Parsed_palettegen_0 @ 000001e0180a9dc0] Dupped color: FF56A9DA
    Last message repeated 1 times
[Parsed_palettegen_0 @ 000001e0180a9dc0] Dupped color: FF56AADA
[Parsed_palettegen_0 @ 000001e0180a9dc0] Dupped color: FF57ABDB
[Parsed_palettegen_0 @ 000001e0180a9dc0] Dupped color: FF58ADDB
    Last message repeated 1 times
[Parsed_palettegen_0 @ 000001e0180a9dc0] Dupped color: FF58ADDC
    Last message repeated 1 times
[Parsed_palettegen_0 @ 000001e0180a9dc0] Dupped color: FF59AEDC
    Last message repeated 1 times
[Parsed_palettegen_0 @ 000001e0180a9dc0] Dupped color: FF59AFDC
[Parsed_palettegen_0 @ 000001e0180a9dc0] Dupped color: FF5AAFDC
    Last message repeated 1 times
[Parsed_palettegen_0 @ 000001e0180a9dc0] Dupped color: FF5AB0DD
    Last message repeated 1 times
[Parsed_palettegen_0 @ 000001e0180a9dc0] Dupped color: FF5BB1DD
[Parsed_palettegen_0 @ 000001e0180a9dc0] Dupped color: FF5CB3DE
    Last message repeated 1 times
[Parsed_palettegen_0 @ 000001e0180a9dc0] Dupped color: FF5DB3DE
[Parsed_palettegen_0 @ 000001e0180a9dc0] Dupped color: FF5DB4DE
[Parsed_palettegen_0 @ 000001e0180a9dc0] Dupped color: FF5DB5DF
[Parsed_palettegen_0 @ 000001e0180a9dc0] Dupped color: FF5EB6DF
[Parsed_palettegen_0 @ 000001e0180a9dc0] Dupped color: FF5FB7DF
[Parsed_palettegen_0 @ 000001e0180a9dc0] Dupped color: FF5FB7E0
[Parsed_palettegen_0 @ 000001e0180a9dc0] Dupped color: FF5FB8E0
[Parsed_palettegen_0 @ 000001e0180a9dc0] Dupped color: FF60B9E0
    Last message repeated 2 times
[Parsed_palettegen_0 @ 000001e0180a9dc0] Dupped color: FF61BAE1
    Last message repeated 1 times
[Parsed_palettegen_0 @ 000001e0180a9dc0] Dupped color: FF61BBE1
[Parsed_palettegen_0 @ 000001e0180a9dc0] Dupped color: FF62BBE1
[Parsed_palettegen_0 @ 000001e0180a9dc0] Dupped color: FF62BCE1
    Last message repeated 1 times
[Parsed_palettegen_0 @ 000001e0180a9dc0] Dupped color: FF65C1E3
    Last message repeated 3 times
[Parsed_palettegen_0 @ 000001e0180a9dc0] Dupped color: FF66C1E3
[Parsed_palettegen_0 @ 000001e0180a9dc0] Dupped color: FF66C2E3
    Last message repeated 1 times
[Parsed_palettegen_0 @ 000001e0180a9dc0] Dupped color: FF66C2E4
    Last message repeated 1 times
[Parsed_palettegen_0 @ 000001e0180a9dc0] Dupped color: FF66C3E4
    Last message repeated 1 times
[Parsed_palettegen_0 @ 000001e0180a9dc0] Dupped color: FF67C3E4
    Last message repeated 1 times
[Parsed_palettegen_0 @ 000001e0180a9dc0] Dupped color: FF67C4E4
[Parsed_palettegen_0 @ 000001e0180a9dc0] Dupped color: FF68C5E5
    Last message repeated 1 times
[Parsed_palettegen_0 @ 000001e0180a9dc0] Dupped color: FF68C6E5
    Last message repeated 1 times
[Parsed_palettegen_0 @ 000001e0180a9dc0] Dupped color: FF69C6E5
[Parsed_palettegen_0 @ 000001e0180a9dc0] Dupped color: FF69C7E5
[Parsed_palettegen_0 @ 000001e0180a9dc0] Dupped color: FF6AC8E6
[Parsed_palettegen_0 @ 000001e0180a9dc0] Dupped color: FF6AC9E6
    Last message repeated 1 times
[Parsed_palettegen_0 @ 000001e0180a9dc0] Dupped color: FF6BC9E6
    Last message repeated 1 times
[Parsed_palettegen_0 @ 000001e0180a9dc0] Dupped color: FF6BCAE6
[Parsed_palettegen_0 @ 000001e0180a9dc0] Dupped color: FF6BCAE7
    Last message repeated 1 times
[Parsed_palettegen_0 @ 000001e0180a9dc0] Dupped color: FF6CCBE7
    Last message repeated 1 times
[Parsed_palettegen_0 @ 000001e0180a9dc0] Dupped color: FF6CCCE7
    Last message repeated 2 times
[Parsed_palettegen_0 @ 000001e0180a9dc0] Dupped color: FF6DCCE7
[Parsed_palettegen_0 @ 000001e0180a9dc0] Dupped color: FF6DCCE8
[Parsed_palettegen_0 @ 000001e0180a9dc0] Dupped color: FF6DCDE8
    Last message repeated 3 times
[Parsed_palettegen_0 @ 000001e0180a9dc0] Dupped color: FF6DCEE8
[Parsed_palettegen_0 @ 000001e0180a9dc0] Dupped color: FF6ECEE8
[Parsed_palettegen_0 @ 000001e0180a9dc0] Dupped color: FF6ECFE9
[Parsed_palettegen_0 @ 000001e0180a9dc0] Dupped color: FF6FCFE9
[Parsed_palettegen_0 @ 000001e0180a9dc0] Dupped color: FF6FD0E9
    Last message repeated 1 times
[Parsed_palettegen_0 @ 000001e0180a9dc0] Dupped color: FF6FD1E9
    Last message repeated 1 times
[Parsed_palettegen_0 @ 000001e0180a9dc0] Dupped color: FF70D1E9
[Parsed_palettegen_0 @ 000001e0180a9dc0] Dupped color: FF70D2EA
    Last message repeated 1 times
[Parsed_palettegen_0 @ 000001e0180a9dc0] Dupped color: FF71D3EA
    Last message repeated 3 times
[Parsed_palettegen_0 @ 000001e0180a9dc0] Dupped color: FF71D4EA
[Parsed_palettegen_0 @ 000001e0180a9dc0] Dupped color: FF72D4EA
[Parsed_palettegen_0 @ 000001e0180a9dc0] Dupped color: FF72D4EB
[Parsed_palettegen_0 @ 000001e0180a9dc0] Dupped color: FF72D5EB
    Last message repeated 2 times
[Parsed_palettegen_0 @ 000001e0180a9dc0] Dupped color: FF73D6EB
    Last message repeated 2 times
[Parsed_palettegen_0 @ 000001e0180a9dc0] Dupped color: FF73D7EB
    Last message repeated 1 times
[Parsed_palettegen_0 @ 000001e0180a9dc0] Dupped color: FF73D7EC
[Parsed_palettegen_0 @ 000001e0180a9dc0] Dupped color: FF74D7EC
[Parsed_palettegen_0 @ 000001e0180a9dc0] Dupped color: FF74D8EC
    Last message repeated 4 times
[Parsed_palettegen_0 @ 000001e0180a9dc0] Dupped color: FF75D8EC
[Parsed_palettegen_0 @ 000001e0180a9dc0] Dupped color: FF75D9EC
    Last message repeated 2 times
[Parsed_palettegen_0 @ 000001e0180a9dc0] Dupped color: FF76DAED
    Last message repeated 2 times
[Parsed_palettegen_0 @ 000001e0180a9dc0] Dupped color: FF76DBED
    Last message repeated 2 times
[Parsed_palettegen_0 @ 000001e0180a9dc0] Dupped color: FF77DCED
[Parsed_palettegen_0 @ 000001e0180a9dc0] Dupped color: FF77DCEE
    Last message repeated 2 times
[Parsed_palettegen_0 @ 000001e0180a9dc0] Dupped color: FF77DDEE
    Last message repeated 2 times
[Parsed_palettegen_0 @ 000001e0180a9dc0] Dupped color: FF78DEEE
    Last message repeated 2 times
[Parsed_palettegen_0 @ 000001e0180a9dc0] Dupped color: FF79DFEF
    Last message repeated 8 times
cur_dts is invalid st:0 (0) [init:1 i_done:0 finish:0] (this is harmless if it occurs once at the start per stream)
Clipping frame in rate conversion by 0.000008
cur_dts is invalid st:0 (0) [init:1 i_done:0 finish:0] (this is harmless if it occurs once at the start per stream)
[out_0_0 @ 000001e01806c600] EOF on sink link out_0_0:default.
No more output streams to write to, finishing.
[image2 @ 000001e018050f40] Opening 'C:/Users/darcx/Desktop/jam site/portfolio/asset/picture/logo/palette.png' for writing
[file @ 000001e018109880] Setting default whitelist 'file,crypto,data'
[AVIOContext @ 000001e018213b40] Statistics: 0 seeks, 1 writeouts
frame=    1 fps=0.0 q=-0.0 Lsize=N/A time=00:00:00.14 bitrate=N/A speed=0.638x    
[AVIOContext @ 000001e01804e540] Statistics: 0 seeks, 1 writeouts
video:0kB audio:0kB subtitle:0kB other streams:0kB global headers:0kB muxing overhead: unknown
Input file #0 (C:/Users/darcx/Desktop/jam site/portfolio/asset/picture/logo/frame%04d.png):
  Input stream #0:0 (video): 31 packets read (197347 bytes); 31 frames decoded; 
  Total: 31 packets (197347 bytes) demuxed
Output file #0 (C:/Users/darcx/Desktop/jam site/portfolio/asset/picture/logo/palette.png):
  Output stream #0:0 (video): 1 frames encoded; 1 packets muxed (369 bytes); 
  Total: 1 packets (369 bytes) muxed
31 frames successfully decoded, 0 decoding errors
