ffmpeg version 4.3.2-2021-02-27-essentials_build-www.gyan.dev Copyright (c) 2000-2021 the FFmpeg developers
  built with gcc 10.2.0 (Rev6, Built by MSYS2 project)
  configuration: --enable-gpl --enable-version3 --enable-static --disable-w32threads --disable-autodetect --enable-fontconfig --enable-iconv --enable-gnutls --enable-libxml2 --enable-gmp --enable-lzma --enable-zlib --enable-libsrt --enable-libssh --enable-libzmq --enable-avisynth --enable-sdl2 --enable-libwebp --enable-libx264 --enable-libx265 --enable-libxvid --enable-libaom --enable-libopenjpeg --enable-libvpx --enable-libass --enable-libfreetype --enable-libfribidi --enable-libvidstab --enable-libvmaf --enable-libzimg --enable-amf --enable-cuda-llvm --enable-cuvid --enable-ffnvcodec --enable-nvdec --enable-nvenc --enable-d3d11va --enable-dxva2 --enable-libmfx --enable-libgme --enable-libopenmpt --enable-libopencore-amrwb --enable-libmp3lame --enable-libtheora --enable-libvo-amrwbenc --enable-libgsm --enable-libopencore-amrnb --enable-libopus --enable-libspeex --enable-libvorbis --enable-librubberband
  libavutil      56. 51.100 / 56. 51.100
  libavcodec     58. 91.100 / 58. 91.100
  libavformat    58. 45.100 / 58. 45.100
  libavdevice    58. 10.100 / 58. 10.100
  libavfilter     7. 85.100 /  7. 85.100
  libswscale      5.  7.100 /  5.  7.100
  libswresample   3.  7.100 /  3.  7.100
  libpostproc    55.  7.100 / 55.  7.100
Splitting the commandline.
Reading option '-v' ... matched as option 'v' (set logging level) with argument 'debug'.
Reading option '-nostdin' ... matched as option 'stdin' (enable or disable interaction on standard input) with argument 0.
Reading option '-progress' ... matched as option 'progress' (write program-readable progress information) with argument 'C:/Users/darcx/AppData/Local/Temp/KritaFFmpegProgress.bdAsHK'.
Reading option '-r' ... matched as option 'r' (set frame rate (Hz value, fraction or abbreviation)) with argument '7'.
Reading option '-start_number' ... matched as AVOption 'start_number' with argument '0'.
Reading option '-i' ... matched as input url with argument 'C:/Users/darcx/Desktop/jam site/portfolio/asset/picture/logo/frame%04d.png'.
Reading option '-i' ... matched as input url with argument 'C:/Users/darcx/Desktop/jam site/portfolio/asset/picture/logo/palette.png'.
Reading option '-lavfi' ... matched as option 'lavfi' (create a complex filtergraph) with argument '[0:v][1:v] paletteuse'.
Reading option '-y' ... matched as option 'y' (overwrite output files) with argument '1'.
Reading option 'C:/Users/darcx/Desktop/jam site/portfolio/asset/picture/logo\gif__liro_u.gif' ... matched as output url.
Reading option '-vf' ... matched as option 'vf' (set video filters) with argument 'scale=w=256:h=90:force_original_aspect_ratio=decrease'.
Trailing option(s) found in the command: may be ignored.
Finished splitting the commandline.
Parsing a group of options: global .
Applying option v (set logging level) with argument debug.
Applying option nostdin (enable or disable interaction on standard input) with argument 0.
Applying option progress (write program-readable progress information) with argument C:/Users/darcx/AppData/Local/Temp/KritaFFmpegProgress.bdAsHK.
[file @ 00000192f4e5e6c0] Setting default whitelist 'file,crypto,data'
Applying option lavfi (create a complex filtergraph) with argument [0:v][1:v] paletteuse.
Applying option y (overwrite output files) with argument 1.
Successfully parsed a group of options.
Parsing a group of options: input url C:/Users/darcx/Desktop/jam site/portfolio/asset/picture/logo/frame%04d.png.
Applying option r (set frame rate (Hz value, fraction or abbreviation)) with argument 7.
Successfully parsed a group of options.
Opening an input file: C:/Users/darcx/Desktop/jam site/portfolio/asset/picture/logo/frame%04d.png.
[image2 @ 00000192f4e9eb40] Opening 'C:/Users/darcx/Desktop/jam site/portfolio/asset/picture/logo/frame0000.png' for reading
[file @ 00000192f4ea3180] Setting default whitelist 'file,crypto,data'
[AVIOContext @ 00000192f4eab380] Statistics: 6421 bytes read, 0 seeks
[image2 @ 00000192f4e9eb40] Opening 'C:/Users/darcx/Desktop/jam site/portfolio/asset/picture/logo/frame0001.png' for reading
[file @ 00000192f4ea3240] Setting default whitelist 'file,crypto,data'
[AVIOContext @ 00000192f4ea33c0] Statistics: 6421 bytes read, 0 seeks
[image2 @ 00000192f4e9eb40] Opening 'C:/Users/darcx/Desktop/jam site/portfolio/asset/picture/logo/frame0002.png' for reading
[file @ 00000192f4ea5080] Setting default whitelist 'file,crypto,data'
[AVIOContext @ 00000192f4ea32c0] Statistics: 6421 bytes read, 0 seeks
[image2 @ 00000192f4e9eb40] Opening 'C:/Users/darcx/Desktop/jam site/portfolio/asset/picture/logo/frame0003.png' for reading
[file @ 00000192f4ea3240] Setting default whitelist 'file,crypto,data'
[AVIOContext @ 00000192f4eab140] Statistics: 6421 bytes read, 0 seeks
[image2 @ 00000192f4e9eb40] Opening 'C:/Users/darcx/Desktop/jam site/portfolio/asset/picture/logo/frame0004.png' for reading
[file @ 00000192f4eab140] Setting default whitelist 'file,crypto,data'
[AVIOContext @ 00000192f4ea3240] Statistics: 6421 bytes read, 0 seeks
[image2 @ 00000192f4e9eb40] Opening 'C:/Users/darcx/Desktop/jam site/portfolio/asset/picture/logo/frame0005.png' for reading
[file @ 00000192f4ea3240] Setting default whitelist 'file,crypto,data'
[AVIOContext @ 00000192f4ecf040] Statistics: 6421 bytes read, 0 seeks
[image2 @ 00000192f4e9eb40] Opening 'C:/Users/darcx/Desktop/jam site/portfolio/asset/picture/logo/frame0006.png' for reading
[file @ 00000192f4ecf040] Setting default whitelist 'file,crypto,data'
[AVIOContext @ 00000192f4ed0b40] Statistics: 5995 bytes read, 0 seeks
[image2 @ 00000192f4e9eb40] Opening 'C:/Users/darcx/Desktop/jam site/portfolio/asset/picture/logo/frame0007.png' for reading
[file @ 00000192f4ed0b40] Setting default whitelist 'file,crypto,data'
[AVIOContext @ 00000192f4ed2480] Statistics: 6421 bytes read, 0 seeks
[image2 @ 00000192f4e9eb40] Opening 'C:/Users/darcx/Desktop/jam site/portfolio/asset/picture/logo/frame0008.png' for reading
[file @ 00000192f4ed2480] Setting default whitelist 'file,crypto,data'
[AVIOContext @ 00000192f4edc040] Statistics: 6421 bytes read, 0 seeks
[image2 @ 00000192f4e9eb40] Opening 'C:/Users/darcx/Desktop/jam site/portfolio/asset/picture/logo/frame0009.png' for reading
[file @ 00000192f4ec5dc0] Setting default whitelist 'file,crypto,data'
[AVIOContext @ 00000192f4edc040] Statistics: 6421 bytes read, 0 seeks
[image2 @ 00000192f4e9eb40] Opening 'C:/Users/darcx/Desktop/jam site/portfolio/asset/picture/logo/frame0010.png' for reading
[file @ 00000192f4ec7880] Setting default whitelist 'file,crypto,data'
[AVIOContext @ 00000192f4edc040] Statistics: 6421 bytes read, 0 seeks
[image2 @ 00000192f4e9eb40] Opening 'C:/Users/darcx/Desktop/jam site/portfolio/asset/picture/logo/frame0011.png' for reading
[file @ 00000192f4ec7880] Setting default whitelist 'file,crypto,data'
[AVIOContext @ 00000192f4edc040] Statistics: 6421 bytes read, 0 seeks
[image2 @ 00000192f4e9eb40] Opening 'C:/Users/darcx/Desktop/jam site/portfolio/asset/picture/logo/frame0012.png' for reading
[file @ 00000192f4ec7880] Setting default whitelist 'file,crypto,data'
[AVIOContext @ 00000192f4edc040] Statistics: 6421 bytes read, 0 seeks
[image2 @ 00000192f4e9eb40] Opening 'C:/Users/darcx/Desktop/jam site/portfolio/asset/picture/logo/frame0013.png' for reading
[file @ 00000192f4ec7880] Setting default whitelist 'file,crypto,data'
[AVIOContext @ 00000192f4edc040] Statistics: 6421 bytes read, 0 seeks
[image2 @ 00000192f4e9eb40] Opening 'C:/Users/darcx/Desktop/jam site/portfolio/asset/picture/logo/frame0014.png' for reading
[file @ 00000192f4ec7880] Setting default whitelist 'file,crypto,data'
[AVIOContext @ 00000192f4edc040] Statistics: 6421 bytes read, 0 seeks
[image2 @ 00000192f4e9eb40] Opening 'C:/Users/darcx/Desktop/jam site/portfolio/asset/picture/logo/frame0015.png' for reading
[file @ 00000192f4ec7880] Setting default whitelist 'file,crypto,data'
[AVIOContext @ 00000192f4edc040] Statistics: 6421 bytes read, 0 seeks
[image2 @ 00000192f4e9eb40] Opening 'C:/Users/darcx/Desktop/jam site/portfolio/asset/picture/logo/frame0016.png' for reading
[file @ 00000192f4ec7880] Setting default whitelist 'file,crypto,data'
[AVIOContext @ 00000192f4edc040] Statistics: 6421 bytes read, 0 seeks
[image2 @ 00000192f4e9eb40] Opening 'C:/Users/darcx/Desktop/jam site/portfolio/asset/picture/logo/frame0017.png' for reading
[file @ 00000192f4ec7880] Setting default whitelist 'file,crypto,data'
[AVIOContext @ 00000192f4edc040] Statistics: 6421 bytes read, 0 seeks
[image2 @ 00000192f4e9eb40] Opening 'C:/Users/darcx/Desktop/jam site/portfolio/asset/picture/logo/frame0018.png' for reading
[file @ 00000192f4ec7880] Setting default whitelist 'file,crypto,data'
[AVIOContext @ 00000192f4edc040] Statistics: 6421 bytes read, 0 seeks
[image2 @ 00000192f4e9eb40] Opening 'C:/Users/darcx/Desktop/jam site/portfolio/asset/picture/logo/frame0019.png' for reading
[file @ 00000192f4ec7880] Setting default whitelist 'file,crypto,data'
[AVIOContext @ 00000192f4edc040] Statistics: 5995 bytes read, 0 seeks
[image2 @ 00000192f4e9eb40] Opening 'C:/Users/darcx/Desktop/jam site/portfolio/asset/picture/logo/frame0020.png' for reading
[file @ 00000192f4ec7880] Setting default whitelist 'file,crypto,data'
[AVIOContext @ 00000192f4edc040] Statistics: 6421 bytes read, 0 seeks
[image2 @ 00000192f4e9eb40] Opening 'C:/Users/darcx/Desktop/jam site/portfolio/asset/picture/logo/frame0021.png' for reading
[file @ 00000192f4ec7880] Setting default whitelist 'file,crypto,data'
[AVIOContext @ 00000192f4edc040] Statistics: 6421 bytes read, 0 seeks
[image2 @ 00000192f4e9eb40] Opening 'C:/Users/darcx/Desktop/jam site/portfolio/asset/picture/logo/frame0022.png' for reading
[file @ 00000192f4ec7880] Setting default whitelist 'file,crypto,data'
[AVIOContext @ 00000192f4edc040] Statistics: 5995 bytes read, 0 seeks
[image2 @ 00000192f4e9eb40] Opening 'C:/Users/darcx/Desktop/jam site/portfolio/asset/picture/logo/frame0023.png' for reading
[file @ 00000192f4ec7880] Setting default whitelist 'file,crypto,data'
[AVIOContext @ 00000192f4edc040] Statistics: 5995 bytes read, 0 seeks
[image2 @ 00000192f4e9eb40] Opening 'C:/Users/darcx/Desktop/jam site/portfolio/asset/picture/logo/frame0024.png' for reading
[file @ 00000192f4ec7880] Setting default whitelist 'file,crypto,data'
[AVIOContext @ 00000192f4edc040] Statistics: 6421 bytes read, 0 seeks
[image2 @ 00000192f4e9eb40] Opening 'C:/Users/darcx/Desktop/jam site/portfolio/asset/picture/logo/frame0025.png' for reading
[file @ 00000192f4ec7880] Setting default whitelist 'file,crypto,data'
[AVIOContext @ 00000192f4edc040] Statistics: 6421 bytes read, 0 seeks
[image2 @ 00000192f4e9eb40] Opening 'C:/Users/darcx/Desktop/jam site/portfolio/asset/picture/logo/frame0026.png' for reading
[file @ 00000192f4ec7880] Setting default whitelist 'file,crypto,data'
[AVIOContext @ 00000192f4edc040] Statistics: 6421 bytes read, 0 seeks
[image2 @ 00000192f4e9eb40] Opening 'C:/Users/darcx/Desktop/jam site/portfolio/asset/picture/logo/frame0027.png' for reading
[file @ 00000192f4ec7880] Setting default whitelist 'file,crypto,data'
[AVIOContext @ 00000192f4edc040] Statistics: 6421 bytes read, 0 seeks
[image2 @ 00000192f4e9eb40] Opening 'C:/Users/darcx/Desktop/jam site/portfolio/asset/picture/logo/frame0028.png' for reading
[file @ 00000192f4ec7880] Setting default whitelist 'file,crypto,data'
[AVIOContext @ 00000192f4edc040] Statistics: 6421 bytes read, 0 seeks
[image2 @ 00000192f4e9eb40] Opening 'C:/Users/darcx/Desktop/jam site/portfolio/asset/picture/logo/frame0029.png' for reading
[file @ 00000192f4ec7880] Setting default whitelist 'file,crypto,data'
[AVIOContext @ 00000192f4edc040] Statistics: 6421 bytes read, 0 seeks
[image2 @ 00000192f4e9eb40] Opening 'C:/Users/darcx/Desktop/jam site/portfolio/asset/picture/logo/frame0030.png' for reading
[file @ 00000192f4ec7880] Setting default whitelist 'file,crypto,data'
[AVIOContext @ 00000192f4edc040] Statistics: 6421 bytes read, 0 seeks
Input #0, image2, from 'C:/Users/darcx/Desktop/jam site/portfolio/asset/picture/logo/frame%04d.png':
  Duration: 00:00:01.24, start: 0.000000, bitrate: N/A
    Stream #0:0, 31, 1/25: Video: png, 1 reference frame, rgba(pc), 253x89 [SAR 11811:11811 DAR 253:89], 0/1, 25 fps, 25 tbr, 25 tbn, 25 tbc
Successfully opened the file.
Parsing a group of options: input url C:/Users/darcx/Desktop/jam site/portfolio/asset/picture/logo/palette.png.
Successfully parsed a group of options.
Opening an input file: C:/Users/darcx/Desktop/jam site/portfolio/asset/picture/logo/palette.png.
[NULL @ 00000192f4ea2480] Opening 'C:/Users/darcx/Desktop/jam site/portfolio/asset/picture/logo/palette.png' for reading
[file @ 00000192f4e5d940] Setting default whitelist 'file,crypto,data'
[png_pipe @ 00000192f4ea2480] Format png_pipe probed with size=2048 and score=99
[png_pipe @ 00000192f4ea2480] Before avformat_find_stream_info() pos: 0 bytes read:369 seeks:0 nb_streams:1
[png_pipe @ 00000192f4ea2480] After avformat_find_stream_info() pos: 369 bytes read:369 seeks:0 frames:1
Input #1, png_pipe, from 'C:/Users/darcx/Desktop/jam site/portfolio/asset/picture/logo/palette.png':
  Duration: N/A, bitrate: N/A
    Stream #1:0, 1, 1/25: Video: png, 1 reference frame, rgba(pc), 16x16 [SAR 1:1 DAR 1:1], 0/1, 25 tbr, 25 tbn, 25 tbc
Successfully opened the file.
Parsing a group of options: output url C:/Users/darcx/Desktop/jam site/portfolio/asset/picture/logo\gif__liro_u.gif.
Successfully parsed a group of options.
Opening an output file: C:/Users/darcx/Desktop/jam site/portfolio/asset/picture/logo\gif__liro_u.gif.
[file @ 00000192f4f1eb40] Setting default whitelist 'file,crypto,data'
Successfully opened the file.
detected 4 logical cores
Stream mapping:
  Stream #0:0 (png) -> paletteuse:default
  Stream #1:0 (png) -> paletteuse:palette
  paletteuse -> Stream #0:0 (gif)
cur_dts is invalid st:0 (0) [init:0 i_done:0 finish:0] (this is harmless if it occurs once at the start per stream)
    Last message repeated 1060 times
[image2 @ 00000192f4e9eb40] Thread message queue blocking; consider raising the thread_queue_size option (current value: 8)
cur_dts is invalid st:0 (0) [init:0 i_done:0 finish:0] (this is harmless if it occurs once at the start per stream)
    Last message repeated 5 times
[graph 0 input from stream 0:0 @ 00000192f4ea3100] Setting 'video_size' to value '253x89'
[graph 0 input from stream 0:0 @ 00000192f4ea3100] Setting 'pix_fmt' to value '26'
[graph 0 input from stream 0:0 @ 00000192f4ea3100] Setting 'time_base' to value '1/7'
[graph 0 input from stream 0:0 @ 00000192f4ea3100] Setting 'pixel_aspect' to value '11811/11811'
[graph 0 input from stream 0:0 @ 00000192f4ea3100] Setting 'frame_rate' to value '7/1'
[graph 0 input from stream 0:0 @ 00000192f4ea3100] w:253 h:89 pixfmt:rgba tb:1/7 fr:7/1 sar:11811/11811
[graph 0 input from stream 1:0 @ 00000192f53d6b80] Setting 'video_size' to value '16x16'
[graph 0 input from stream 1:0 @ 00000192f53d6b80] Setting 'pix_fmt' to value '26'
[graph 0 input from stream 1:0 @ 00000192f53d6b80] Setting 'time_base' to value '1/25'
[graph 0 input from stream 1:0 @ 00000192f53d6b80] Setting 'pixel_aspect' to value '1/1'
[graph 0 input from stream 1:0 @ 00000192f53d6b80] Setting 'frame_rate' to value '25/1'
[graph 0 input from stream 1:0 @ 00000192f53d6b80] w:16 h:16 pixfmt:rgba tb:1/25 fr:25/1 sar:1/1
[format @ 00000192f5303c80] Setting 'pix_fmts' to value 'rgb8|bgr8|rgb4_byte|bgr4_byte|gray|pal8'
[auto_scaler_0 @ 00000192f5304880] w:iw h:ih flags:'bilinear' interl:0
[Parsed_paletteuse_0 @ 00000192f3677900] auto-inserting filter 'auto_scaler_0' between the filter 'graph 0 input from stream 0:0' and the filter 'Parsed_paletteuse_0'
[auto_scaler_1 @ 00000192f5322140] w:iw h:ih flags:'bilinear' interl:0
[Parsed_paletteuse_0 @ 00000192f3677900] auto-inserting filter 'auto_scaler_1' between the filter 'graph 0 input from stream 1:0' and the filter 'Parsed_paletteuse_0'
[AVFilterGraph @ 00000192f4ea5dc0] query_formats: 5 queried, 2 merged, 2 already done, 0 delayed
[swscaler @ 00000192f53d6f40] Forcing full internal H chroma due to odd output size
[swscaler @ 00000192f53d6f40] Forcing full internal H chroma due to input having non subsampled chroma
[auto_scaler_0 @ 00000192f5304880] w:253 h:89 fmt:rgba sar:11811/11811 -> w:253 h:89 fmt:bgra sar:1/1 flags:0x2
[swscaler @ 00000192f53e4740] Forcing full internal H chroma due to input having non subsampled chroma
[auto_scaler_1 @ 00000192f5322140] w:16 h:16 fmt:rgba sar:1/1 -> w:16 h:16 fmt:bgra sar:1/1 flags:0x2
[Parsed_paletteuse_0 @ 00000192f3677900] [framesync @ 00000192f5354fc8] Selected 1/175 time base
[Parsed_paletteuse_0 @ 00000192f3677900] [framesync @ 00000192f5354fc8] Sync level 2
Output #0, gif, to 'C:/Users/darcx/Desktop/jam site/portfolio/asset/picture/logo\gif__liro_u.gif':
  Metadata:
    encoder         : Lavf58.45.100
    Stream #0:0, 0, 1/100: Video: gif, 1 reference frame, pal8, 253x89 [SAR 1:1 DAR 253:89], 0/1, q=2-31, 200 kb/s, 7 fps, 100 tbn, 7 tbc (default)
    Metadata:
      encoder         : Lavc58.91.100 gif
Clipping frame in rate conversion by 0.000008
[gif @ 00000192f4f1de40] 252x88 image at pos (0;1) [area:253x89]
    Last message repeated 29 times
[Parsed_paletteuse_0 @ 00000192f3677900] [framesync @ 00000192f5354fc8] Sync level 0
[out_0_0 @ 00000192f53d6e40] EOF on sink link out_0_0:default.
No more output streams to write to, finishing.
frame=   31 fps=0.0 q=-0.0 Lsize=      75kB time=00:00:04.30 bitrate= 143.6kbits/s speed=22.5x    
[AVIOContext @ 00000192f4e9e880] Statistics: 0 seeks, 1 writeouts
video:75kB audio:0kB subtitle:0kB other streams:0kB global headers:0kB muxing overhead: 0.025927%
Input file #0 (C:/Users/darcx/Desktop/jam site/portfolio/asset/picture/logo/frame%04d.png):
  Input stream #0:0 (video): 31 packets read (197347 bytes); 31 frames decoded; 
  Total: 31 packets (197347 bytes) demuxed
Input file #1 (C:/Users/darcx/Desktop/jam site/portfolio/asset/picture/logo/palette.png):
  Input stream #1:0 (video): 1 packets read (369 bytes); 1 frames decoded; 
  Total: 1 packets (369 bytes) demuxed
Output file #0 (C:/Users/darcx/Desktop/jam site/portfolio/asset/picture/logo\gif__liro_u.gif):
  Output stream #0:0 (video): 31 frames encoded; 31 packets muxed (77140 bytes); 
  Total: 31 packets (77140 bytes) muxed
32 frames successfully decoded, 0 decoding errors
[AVIOContext @ 00000192f4f1ec40] Statistics: 0 seeks, 1 writeouts
[AVIOContext @ 00000192f4edc040] Statistics: 369 bytes read, 0 seeks
